Arguments: 
  /Users/mattyarmolich/.nvm/versions/node/v10.7.0/bin/node /usr/local/bin/yarn start

PATH: 
  /Users/mattyarmolich/.nvm/versions/node/v10.7.0/bin:/usr/local/bin:/usr/bin:/bin:/usr/sbin:/sbin:/Library/TeX/texbin:/usr/local/share/dotnet:/opt/X11/bin

Yarn version: 
  1.5.1

Node version: 
  10.7.0

Platform: 
  darwin x64

npm manifest: 
  No manifest

yarn manifest: 
  No manifest

Lockfile: 
  No lockfile

Trace: 
  Error: Couldn't find a package.json file in "/Users/mattyarmolich/Desktop/Cal Poly/Fall 2018/CSC-402/MarkLogic"
      at new MessageError (/usr/local/lib/node_modules/yarn/lib/cli.js:186:110)
      at /usr/local/lib/node_modules/yarn/lib/cli.js:40048:15
      at Generator.next (<anonymous>)
      at step (/usr/local/lib/node_modules/yarn/lib/cli.js:98:30)
      at /usr/local/lib/node_modules/yarn/lib/cli.js:109:13
